<?xml version="1.0" encoding="utf-8"?><testsuites name="pytest tests"><testsuite name="pytest" errors="0" failures="0" skipped="0" tests="10" time="1.237" timestamp="2026-07-22T17:06:23.454686+00:00" hostname="agent-env-0cc1adc1-4402-436b-8708-24181140d3f6"><testcase classname="tests.backend_test.TestContact" name="test_create_contact_success" time="0.365" /><testcase classname="tests.backend_test.TestQuotes" name="test_create_quote_success" time="0.333" /><testcase classname="tests.backend_test.TestQuotes" name="test_list_quotes_contains_created" time="0.055" /><testcase classname="tests.backend_test.TestContact" name="test_list_contacts_contains_created" time="0.156" /><testcase classname="tests.backend_test.TestQuotes" name="test_quote_invalid_email" time="0.047" /><testcase classname="tests.backend_test.TestQuotes" name="test_quote_missing_required" time="0.050" /><testcase classname="tests.backend_test.TestHealth" name="test_root" time="0.089" /><testcase classname="tests.backend_test.TestContact" name="test_contact_invalid_email" time="0.121" /><testcase classname="tests.backend_test.TestCatalogPDF" name="test_catalog_pdf" time="0.063" /><testcase classname="tests.backend_test.TestContact" name="test_contact_missing_required" time="0.113" /></testsuite></testsuites>